[0.011s] Invoking command in '/home/artem/mesh_car/src/mesh_car/build/mesh_car': CMAKE_PREFIX_PATH=/opt/ros/humble /usr/bin/cmake /home/artem/mesh_car/src/mesh_car -DAMENT_CMAKE_SYMLINK_INSTALL=1 -DCMAKE_INSTALL_PREFIX=/home/artem/mesh_car/src/mesh_car/install/mesh_car
[0.284s] -- The C compiler identification is GNU 11.4.0
[0.454s] -- The CXX compiler identification is GNU 11.4.0
[0.465s] -- Detecting C compiler ABI info
[0.530s] -- Detecting C compiler ABI info - done
[0.537s] -- Check for working C compiler: /usr/bin/cc - skipped
[0.537s] -- Detecting C compile features
[0.538s] -- Detecting C compile features - done
[0.541s] -- Detecting CXX compiler ABI info
[0.608s] -- Detecting CXX compiler ABI info - done
[0.614s] -- Check for working CXX compiler: /usr/bin/c++ - skipped
[0.614s] -- Detecting CXX compile features
[0.615s] -- Detecting CXX compile features - done
[0.620s] -- Found ament_cmake: 1.3.8 (/opt/ros/humble/share/ament_cmake/cmake)
[0.770s] -- Found Python3: /usr/bin/python3 (found version "3.10.12") found components: Interpreter 
[0.828s] -- Override CMake install command with custom implementation using symlinks instead of copying resources
[0.864s] -- Found ament_lint_auto: 0.12.10 (/opt/ros/humble/share/ament_lint_auto/cmake)
[0.942s] -- Added test 'copyright' to check source files copyright and LICENSE
[0.967s] -- Added test 'cppcheck' to perform static code analysis on C / C++ code
[0.967s] -- Configured cppcheck include dirs: 
[0.967s] -- Configured cppcheck exclude dirs and/or files: 
[0.975s] -- Added test 'cpplint' to check C / C++ code against the Google style
[0.975s] -- Configured cpplint exclude dirs and/or files: 
[0.976s] -- Added test 'flake8' to check Python code syntax and style conventions
[0.978s] -- Added test 'lint_cmake' to check CMake code style
[0.980s] -- Added test 'pep257' to check Python code against some of the docstring style conventions in PEP 257
[0.987s] -- Added test 'uncrustify' to check C / C++ code style
[0.987s] -- Configured uncrustify additional arguments: 
[0.989s] -- Added test 'xmllint' to check XML markup files
[0.991s] -- Configuring done
[0.993s] -- Generating done
[0.994s] -- Build files have been written to: /home/artem/mesh_car/src/mesh_car/build/mesh_car
[0.997s] Invoked command in '/home/artem/mesh_car/src/mesh_car/build/mesh_car' returned '0': CMAKE_PREFIX_PATH=/opt/ros/humble /usr/bin/cmake /home/artem/mesh_car/src/mesh_car -DAMENT_CMAKE_SYMLINK_INSTALL=1 -DCMAKE_INSTALL_PREFIX=/home/artem/mesh_car/src/mesh_car/install/mesh_car
[0.999s] Invoking command in '/home/artem/mesh_car/src/mesh_car/build/mesh_car': CMAKE_PREFIX_PATH=/opt/ros/humble /usr/bin/cmake --build /home/artem/mesh_car/src/mesh_car/build/mesh_car -- -j8 -l8
[1.037s] Invoked command in '/home/artem/mesh_car/src/mesh_car/build/mesh_car' returned '0': CMAKE_PREFIX_PATH=/opt/ros/humble /usr/bin/cmake --build /home/artem/mesh_car/src/mesh_car/build/mesh_car -- -j8 -l8
[1.074s] Invoking command in '/home/artem/mesh_car/src/mesh_car/build/mesh_car': CMAKE_PREFIX_PATH=/opt/ros/humble /usr/bin/cmake --install /home/artem/mesh_car/src/mesh_car/build/mesh_car
[1.080s] -- Install configuration: ""
[1.080s] -- Execute custom install script
[1.081s] -- Symlinking: /home/artem/mesh_car/src/mesh_car/install/mesh_car/share/mesh_car/config/empty.yaml
[1.091s] -- Symlinking: /home/artem/mesh_car/src/mesh_car/install/mesh_car/share/mesh_car/config/mapper_params_online_async.yaml
[1.102s] -- Symlinking: /home/artem/mesh_car/src/mesh_car/install/mesh_car/share/mesh_car/description/camera.xacro
[1.111s] -- Symlinking: /home/artem/mesh_car/src/mesh_car/install/mesh_car/share/mesh_car/description/gazebo_control.xacro
[1.120s] -- Symlinking: /home/artem/mesh_car/src/mesh_car/install/mesh_car/share/mesh_car/description/inertial_macros.xacro
[1.129s] -- Symlinking: /home/artem/mesh_car/src/mesh_car/install/mesh_car/share/mesh_car/description/lidar.xacro
[1.144s] -- Symlinking: /home/artem/mesh_car/src/mesh_car/install/mesh_car/share/mesh_car/description/robot.urdf.xacro
[1.152s] -- Symlinking: /home/artem/mesh_car/src/mesh_car/install/mesh_car/share/mesh_car/description/robot_core.xacro
[1.160s] -- Symlinking: /home/artem/mesh_car/src/mesh_car/install/mesh_car/share/mesh_car/description/sonar.xacro
[1.169s] -- Symlinking: /home/artem/mesh_car/src/mesh_car/install/mesh_car/share/mesh_car/launch/launch_sim.launch.py
[1.176s] -- Symlinking: /home/artem/mesh_car/src/mesh_car/install/mesh_car/share/mesh_car/launch/rsp.launch.py
[1.185s] -- Symlinking: /home/artem/mesh_car/src/mesh_car/install/mesh_car/share/mesh_car/worlds/empty.world
[1.192s] -- Symlinking: /home/artem/mesh_car/src/mesh_car/install/mesh_car/share/mesh_car/worlds/obstacles.world
[1.200s] -- Symlinking: /home/artem/mesh_car/src/mesh_car/install/mesh_car/share/mesh_car/worlds/test_world.world
[1.207s] -- Symlinking: /home/artem/mesh_car/src/mesh_car/install/mesh_car/share/ament_index/resource_index/package_run_dependencies/mesh_car
[1.214s] -- Symlinking: /home/artem/mesh_car/src/mesh_car/install/mesh_car/share/ament_index/resource_index/parent_prefix_path/mesh_car
[1.221s] -- Symlinking: /home/artem/mesh_car/src/mesh_car/install/mesh_car/share/mesh_car/environment/ament_prefix_path.sh
[1.228s] -- Symlinking: /home/artem/mesh_car/src/mesh_car/install/mesh_car/share/mesh_car/environment/ament_prefix_path.dsv
[1.236s] -- Symlinking: /home/artem/mesh_car/src/mesh_car/install/mesh_car/share/mesh_car/environment/path.sh
[1.244s] -- Symlinking: /home/artem/mesh_car/src/mesh_car/install/mesh_car/share/mesh_car/environment/path.dsv
[1.251s] -- Symlinking: /home/artem/mesh_car/src/mesh_car/install/mesh_car/share/mesh_car/local_setup.bash
[1.258s] -- Symlinking: /home/artem/mesh_car/src/mesh_car/install/mesh_car/share/mesh_car/local_setup.sh
[1.265s] -- Symlinking: /home/artem/mesh_car/src/mesh_car/install/mesh_car/share/mesh_car/local_setup.zsh
[1.272s] -- Symlinking: /home/artem/mesh_car/src/mesh_car/install/mesh_car/share/mesh_car/local_setup.dsv
[1.280s] -- Symlinking: /home/artem/mesh_car/src/mesh_car/install/mesh_car/share/mesh_car/package.dsv
[1.288s] -- Symlinking: /home/artem/mesh_car/src/mesh_car/install/mesh_car/share/ament_index/resource_index/packages/mesh_car
[1.295s] -- Symlinking: /home/artem/mesh_car/src/mesh_car/install/mesh_car/share/mesh_car/cmake/mesh_carConfig.cmake
[1.301s] -- Symlinking: /home/artem/mesh_car/src/mesh_car/install/mesh_car/share/mesh_car/cmake/mesh_carConfig-version.cmake
[1.309s] -- Symlinking: /home/artem/mesh_car/src/mesh_car/install/mesh_car/share/mesh_car/package.xml
[1.317s] Invoked command in '/home/artem/mesh_car/src/mesh_car/build/mesh_car' returned '0': CMAKE_PREFIX_PATH=/opt/ros/humble /usr/bin/cmake --install /home/artem/mesh_car/src/mesh_car/build/mesh_car
